{"C:\\Users\\Administrator\\Desktop\\github\\tab\\assets\\js\\tab.js":{"path":"C:\\Users\\Administrator\\Desktop\\github\\tab\\assets\\js\\tab.js","s":{"1":1,"2":1,"3":7,"4":7,"5":7,"6":7,"7":7,"8":7,"9":7,"10":1,"11":7,"12":7,"13":7,"14":7,"15":7,"16":7,"17":7,"18":7,"19":13,"20":13,"21":7,"22":7,"23":7,"24":7,"25":2,"26":2,"27":2,"28":1,"29":1,"30":4,"31":4,"32":7,"33":7,"34":7,"35":7,"36":2,"37":2,"38":2,"39":1,"40":1,"41":1,"42":4,"43":4,"44":1,"45":1,"46":1,"47":1,"48":1,"49":1,"50":1,"51":0,"52":0,"53":0,"54":0,"55":0,"56":0,"57":0,"58":0,"59":0,"60":0,"61":0,"62":1,"63":7,"64":7,"65":7,"66":6,"67":0,"68":0,"69":0,"70":6,"71":1,"72":1,"73":0,"74":0,"75":0,"76":0,"77":1,"78":0,"79":0,"80":0,"81":0,"82":0,"83":7,"84":7,"85":7,"86":7,"87":7,"88":7,"89":7,"90":7,"91":7,"92":32,"93":32,"94":32,"95":7,"96":32,"97":32,"98":32,"99":32,"100":32,"101":7,"102":7,"103":7,"104":7,"105":1,"106":1,"107":0,"108":0,"109":1,"110":1,"111":1,"112":1,"113":1,"114":5,"115":0,"116":0,"117":0,"118":0,"119":1,"120":107,"121":107,"122":0,"123":0,"124":107,"125":1,"126":8,"127":8,"128":8,"129":37,"130":0,"131":1,"132":7,"133":7,"134":7,"135":7,"136":32,"137":0,"138":1,"139":7,"140":7,"141":0,"142":0,"143":0,"144":1,"145":93,"146":93,"147":6,"148":28,"149":87,"150":39,"151":39,"152":48,"153":19,"154":29,"155":29,"156":1,"157":29,"158":1,"159":1,"160":1,"161":1,"162":1,"163":1,"164":1,"165":30,"166":30,"167":1,"168":1,"169":1,"170":1,"171":1,"172":29,"173":29,"174":29,"175":1,"176":87,"177":1,"178":0,"179":1,"180":0,"181":0,"182":0,"183":0,"184":0,"185":0,"186":0,"187":0,"188":0,"189":0,"190":0,"191":0,"192":0,"193":0,"194":0,"195":0,"196":0,"197":0,"198":0,"199":1,"200":0,"201":0,"202":0,"203":0,"204":0,"205":0,"206":0,"207":0,"208":0,"209":0,"210":0,"211":0,"212":0,"213":0,"214":0,"215":0,"216":0,"217":0,"218":1,"219":7,"220":7,"221":1},"b":{"1":[13,0],"2":[2,1,3,4,4],"3":[2,1,1,4,4],"4":[1,0,0,0,0],"5":[6,1],"6":[0,0],"7":[0,0],"8":[0,0],"9":[1,0],"10":[0,0],"11":[0,0],"12":[0,0],"13":[0,0],"14":[0,0],"15":[0,0],"16":[7,25],"17":[1,0],"18":[0,107],"19":[8,0],"20":[7,0],"21":[7,0],"22":[0,0],"23":[93,87],"24":[6,87],"25":[39,48],"26":[19,29],"27":[48,48],"28":[19,0],"29":[29,0],"30":[29,29],"31":[1,29],"32":[0,1],"33":[0,0],"34":[0,0],"35":[0,0],"36":[0,0],"37":[0,0],"38":[0,0],"39":[0,0],"40":[0,0],"41":[0,0],"42":[0,0],"43":[0,0],"44":[0,0],"45":[0,0],"46":[7,1]},"f":{"1":1,"2":7,"3":7,"4":7,"5":7,"6":7,"7":1,"8":0,"9":7,"10":0,"11":0,"12":0,"13":7,"14":1,"15":0,"16":1,"17":107,"18":8,"19":7,"20":7,"21":93,"22":29,"23":1,"24":30,"25":87,"26":0,"27":0,"28":0,"29":0,"30":0,"31":7},"fnMap":{"1":{"name":"(anonymous_1)","line":2,"loc":{"start":{"line":2,"column":1},"end":{"line":2,"column":21}}},"2":{"name":"TabSwitch","line":4,"loc":{"start":{"line":4,"column":1},"end":{"line":4,"column":28}}},"3":{"name":"(anonymous_3)","line":19,"loc":{"start":{"line":19,"column":10},"end":{"line":19,"column":22}}},"4":{"name":"(anonymous_4)","line":33,"loc":{"start":{"line":33,"column":13},"end":{"line":33,"column":31}}},"5":{"name":"(anonymous_5)","line":49,"loc":{"start":{"line":49,"column":11},"end":{"line":49,"column":23}}},"6":{"name":"(anonymous_6)","line":73,"loc":{"start":{"line":73,"column":13},"end":{"line":73,"column":25}}},"7":{"name":"(anonymous_7)","line":95,"loc":{"start":{"line":95,"column":13},"end":{"line":95,"column":30}}},"8":{"name":"(anonymous_8)","line":112,"loc":{"start":{"line":112,"column":24},"end":{"line":112,"column":36}}},"9":{"name":"(anonymous_9)","line":126,"loc":{"start":{"line":126,"column":7},"end":{"line":126,"column":23}}},"10":{"name":"(anonymous_10)","line":131,"loc":{"start":{"line":131,"column":50},"end":{"line":131,"column":67}}},"11":{"name":"(anonymous_11)","line":140,"loc":{"start":{"line":140,"column":54},"end":{"line":140,"column":71}}},"12":{"name":"(anonymous_12)","line":149,"loc":{"start":{"line":149,"column":50},"end":{"line":149,"column":67}}},"13":{"name":"(anonymous_13)","line":159,"loc":{"start":{"line":159,"column":10},"end":{"line":159,"column":25}}},"14":{"name":"(anonymous_14)","line":201,"loc":{"start":{"line":201,"column":14},"end":{"line":201,"column":30}}},"15":{"name":"(anonymous_15)","line":214,"loc":{"start":{"line":214,"column":17},"end":{"line":214,"column":33}}},"16":{"name":"(anonymous_16)","line":227,"loc":{"start":{"line":227,"column":12},"end":{"line":227,"column":43}}},"17":{"name":"addClass","line":254,"loc":{"start":{"line":254,"column":1},"end":{"line":254,"column":32}}},"18":{"name":"removeClass","line":271,"loc":{"start":{"line":271,"column":1},"end":{"line":271,"column":35}}},"19":{"name":"setIndex","line":291,"loc":{"start":{"line":291,"column":1},"end":{"line":291,"column":26}}},"20":{"name":"(anonymous_20)","line":304,"loc":{"start":{"line":304,"column":15},"end":{"line":304,"column":46}}},"21":{"name":"css","line":321,"loc":{"start":{"line":321,"column":0},"end":{"line":321,"column":33}}},"22":{"name":"linear","line":348,"loc":{"start":{"line":348,"column":0},"end":{"line":348,"column":28}}},"23":{"name":"animate","line":358,"loc":{"start":{"line":358,"column":0},"end":{"line":358,"column":41}}},"24":{"name":"(anonymous_24)","line":370,"loc":{"start":{"line":370,"column":21},"end":{"line":370,"column":33}}},"25":{"name":"isObject","line":387,"loc":{"start":{"line":387,"column":0},"end":{"line":387,"column":23}}},"26":{"name":"setOpacity","line":391,"loc":{"start":{"line":391,"column":0},"end":{"line":391,"column":30}}},"27":{"name":"fideIn","line":403,"loc":{"start":{"line":403,"column":0},"end":{"line":403,"column":38}}},"28":{"name":"(anonymous_28)","line":418,"loc":{"start":{"line":418,"column":30},"end":{"line":418,"column":42}}},"29":{"name":"fideOut","line":440,"loc":{"start":{"line":440,"column":0},"end":{"line":440,"column":38}}},"30":{"name":"(anonymous_30)","line":455,"loc":{"start":{"line":455,"column":29},"end":{"line":455,"column":41}}},"31":{"name":"(anonymous_31)","line":472,"loc":{"start":{"line":472,"column":12},"end":{"line":472,"column":31}}}},"statementMap":{"1":{"start":{"line":2,"column":0},"end":{"line":478,"column":21}},"2":{"start":{"line":4,"column":1},"end":{"line":17,"column":2}},"3":{"start":{"line":5,"column":2},"end":{"line":5,"column":18}},"4":{"start":{"line":6,"column":2},"end":{"line":6,"column":38}},"5":{"start":{"line":9,"column":2},"end":{"line":9,"column":21}},"6":{"start":{"line":11,"column":2},"end":{"line":11,"column":21}},"7":{"start":{"line":12,"column":2},"end":{"line":12,"column":24}},"8":{"start":{"line":13,"column":2},"end":{"line":13,"column":27}},"9":{"start":{"line":16,"column":2},"end":{"line":16,"column":17}},"10":{"start":{"line":18,"column":1},"end":{"line":247,"column":2}},"11":{"start":{"line":20,"column":3},"end":{"line":20,"column":19}},"12":{"start":{"line":22,"column":3},"end":{"line":22,"column":34}},"13":{"start":{"line":23,"column":3},"end":{"line":23,"column":18}},"14":{"start":{"line":24,"column":3},"end":{"line":24,"column":20}},"15":{"start":{"line":25,"column":3},"end":{"line":25,"column":29}},"16":{"start":{"line":27,"column":4},"end":{"line":27,"column":16}},"17":{"start":{"line":34,"column":3},"end":{"line":40,"column":4}},"18":{"start":{"line":41,"column":3},"end":{"line":46,"column":4}},"19":{"start":{"line":42,"column":4},"end":{"line":44,"column":5}},"20":{"start":{"line":43,"column":5},"end":{"line":43,"column":33}},"21":{"start":{"line":47,"column":3},"end":{"line":47,"column":24}},"22":{"start":{"line":51,"column":3},"end":{"line":53,"column":35}},"23":{"start":{"line":55,"column":4},"end":{"line":55,"column":36}},"24":{"start":{"line":57,"column":3},"end":{"line":71,"column":4}},"25":{"start":{"line":59,"column":5},"end":{"line":59,"column":61}},"26":{"start":{"line":60,"column":5},"end":{"line":60,"column":41}},"27":{"start":{"line":61,"column":5},"end":{"line":61,"column":11}},"28":{"start":{"line":63,"column":5},"end":{"line":63,"column":62}},"29":{"start":{"line":64,"column":5},"end":{"line":64,"column":11}},"30":{"start":{"line":68,"column":5},"end":{"line":68,"column":43}},"31":{"start":{"line":69,"column":4},"end":{"line":69,"column":10}},"32":{"start":{"line":74,"column":3},"end":{"line":74,"column":30}},"33":{"start":{"line":76,"column":3},"end":{"line":76,"column":42}},"34":{"start":{"line":77,"column":3},"end":{"line":77,"column":46}},"35":{"start":{"line":79,"column":3},"end":{"line":93,"column":4}},"36":{"start":{"line":81,"column":5},"end":{"line":81,"column":70}},"37":{"start":{"line":82,"column":6},"end":{"line":82,"column":40}},"38":{"start":{"line":83,"column":5},"end":{"line":83,"column":11}},"39":{"start":{"line":85,"column":5},"end":{"line":85,"column":71}},"40":{"start":{"line":86,"column":6},"end":{"line":86,"column":39}},"41":{"start":{"line":87,"column":5},"end":{"line":87,"column":11}},"42":{"start":{"line":91,"column":5},"end":{"line":91,"column":51}},"43":{"start":{"line":92,"column":5},"end":{"line":92,"column":11}},"44":{"start":{"line":96,"column":3},"end":{"line":96,"column":19}},"45":{"start":{"line":97,"column":3},"end":{"line":97,"column":42}},"46":{"start":{"line":98,"column":3},"end":{"line":98,"column":46}},"47":{"start":{"line":100,"column":3},"end":{"line":123,"column":4}},"48":{"start":{"line":102,"column":5},"end":{"line":102,"column":53}},"49":{"start":{"line":103,"column":5},"end":{"line":103,"column":64}},"50":{"start":{"line":104,"column":5},"end":{"line":104,"column":11}},"51":{"start":{"line":106,"column":5},"end":{"line":106,"column":55}},"52":{"start":{"line":107,"column":5},"end":{"line":107,"column":63}},"53":{"start":{"line":108,"column":5},"end":{"line":108,"column":11}},"54":{"start":{"line":111,"column":5},"end":{"line":111,"column":28}},"55":{"start":{"line":112,"column":5},"end":{"line":115,"column":12}},"56":{"start":{"line":113,"column":6},"end":{"line":113,"column":35}},"57":{"start":{"line":114,"column":6},"end":{"line":114,"column":26}},"58":{"start":{"line":117,"column":5},"end":{"line":117,"column":11}},"59":{"start":{"line":120,"column":5},"end":{"line":120,"column":43}},"60":{"start":{"line":121,"column":5},"end":{"line":121,"column":51}},"61":{"start":{"line":122,"column":5},"end":{"line":122,"column":11}},"62":{"start":{"line":124,"column":3},"end":{"line":124,"column":15}},"63":{"start":{"line":127,"column":3},"end":{"line":127,"column":19}},"64":{"start":{"line":128,"column":3},"end":{"line":128,"column":27}},"65":{"start":{"line":129,"column":3},"end":{"line":157,"column":4}},"66":{"start":{"line":131,"column":4},"end":{"line":137,"column":7}},"67":{"start":{"line":132,"column":5},"end":{"line":133,"column":48}},"68":{"start":{"line":134,"column":6},"end":{"line":136,"column":7}},"69":{"start":{"line":135,"column":7},"end":{"line":135,"column":36}},"70":{"start":{"line":138,"column":5},"end":{"line":138,"column":17}},"71":{"start":{"line":139,"column":10},"end":{"line":157,"column":4}},"72":{"start":{"line":140,"column":4},"end":{"line":146,"column":7}},"73":{"start":{"line":141,"column":5},"end":{"line":141,"column":36}},"74":{"start":{"line":142,"column":5},"end":{"line":142,"column":47}},"75":{"start":{"line":143,"column":5},"end":{"line":145,"column":6}},"76":{"start":{"line":144,"column":6},"end":{"line":144,"column":35}},"77":{"start":{"line":147,"column":5},"end":{"line":147,"column":17}},"78":{"start":{"line":149,"column":4},"end":{"line":155,"column":7}},"79":{"start":{"line":150,"column":5},"end":{"line":151,"column":48}},"80":{"start":{"line":152,"column":6},"end":{"line":154,"column":7}},"81":{"start":{"line":153,"column":7},"end":{"line":153,"column":36}},"82":{"start":{"line":156,"column":5},"end":{"line":156,"column":17}},"83":{"start":{"line":160,"column":3},"end":{"line":166,"column":19}},"84":{"start":{"line":168,"column":3},"end":{"line":168,"column":24}},"85":{"start":{"line":169,"column":3},"end":{"line":169,"column":35}},"86":{"start":{"line":170,"column":3},"end":{"line":170,"column":34}},"87":{"start":{"line":171,"column":3},"end":{"line":171,"column":43}},"88":{"start":{"line":172,"column":3},"end":{"line":172,"column":29}},"89":{"start":{"line":173,"column":3},"end":{"line":173,"column":29}},"90":{"start":{"line":174,"column":3},"end":{"line":174,"column":38}},"91":{"start":{"line":175,"column":3},"end":{"line":191,"column":4}},"92":{"start":{"line":176,"column":5},"end":{"line":177,"column":42}},"93":{"start":{"line":178,"column":4},"end":{"line":178,"column":29}},"94":{"start":{"line":179,"column":4},"end":{"line":182,"column":5}},"95":{"start":{"line":180,"column":5},"end":{"line":180,"column":35}},"96":{"start":{"line":184,"column":4},"end":{"line":184,"column":33}},"97":{"start":{"line":185,"column":4},"end":{"line":185,"column":34}},"98":{"start":{"line":186,"column":4},"end":{"line":186,"column":41}},"99":{"start":{"line":189,"column":4},"end":{"line":189,"column":32}},"100":{"start":{"line":190,"column":4},"end":{"line":190,"column":35}},"101":{"start":{"line":192,"column":3},"end":{"line":192,"column":28}},"102":{"start":{"line":193,"column":3},"end":{"line":193,"column":36}},"103":{"start":{"line":194,"column":3},"end":{"line":194,"column":26}},"104":{"start":{"line":195,"column":3},"end":{"line":195,"column":31}},"105":{"start":{"line":203,"column":3},"end":{"line":211,"column":56}},"106":{"start":{"line":212,"column":4},"end":{"line":212,"column":16}},"107":{"start":{"line":216,"column":3},"end":{"line":224,"column":57}},"108":{"start":{"line":225,"column":4},"end":{"line":225,"column":16}},"109":{"start":{"line":228,"column":4},"end":{"line":229,"column":26}},"110":{"start":{"line":230,"column":3},"end":{"line":232,"column":4}},"111":{"start":{"line":231,"column":5},"end":{"line":231,"column":31}},"112":{"start":{"line":233,"column":3},"end":{"line":244,"column":4}},"113":{"start":{"line":234,"column":4},"end":{"line":236,"column":5}},"114":{"start":{"line":235,"column":5},"end":{"line":235,"column":36}},"115":{"start":{"line":238,"column":4},"end":{"line":240,"column":5}},"116":{"start":{"line":239,"column":5},"end":{"line":239,"column":35}},"117":{"start":{"line":241,"column":4},"end":{"line":243,"column":5}},"118":{"start":{"line":242,"column":5},"end":{"line":242,"column":36}},"119":{"start":{"line":254,"column":1},"end":{"line":265,"column":2}},"120":{"start":{"line":255,"column":2},"end":{"line":256,"column":21}},"121":{"start":{"line":257,"column":2},"end":{"line":263,"column":3}},"122":{"start":{"line":258,"column":3},"end":{"line":260,"column":4}},"123":{"start":{"line":259,"column":4},"end":{"line":259,"column":37}},"124":{"start":{"line":262,"column":3},"end":{"line":262,"column":33}},"125":{"start":{"line":271,"column":1},"end":{"line":285,"column":2}},"126":{"start":{"line":272,"column":2},"end":{"line":273,"column":21}},"127":{"start":{"line":274,"column":2},"end":{"line":284,"column":3}},"128":{"start":{"line":275,"column":3},"end":{"line":279,"column":4}},"129":{"start":{"line":276,"column":4},"end":{"line":278,"column":9}},"130":{"start":{"line":281,"column":3},"end":{"line":283,"column":9}},"131":{"start":{"line":291,"column":1},"end":{"line":302,"column":2}},"132":{"start":{"line":292,"column":2},"end":{"line":292,"column":12}},"133":{"start":{"line":293,"column":3},"end":{"line":293,"column":22}},"134":{"start":{"line":294,"column":3},"end":{"line":300,"column":4}},"135":{"start":{"line":295,"column":4},"end":{"line":297,"column":5}},"136":{"start":{"line":296,"column":5},"end":{"line":296,"column":24}},"137":{"start":{"line":299,"column":4},"end":{"line":299,"column":20}},"138":{"start":{"line":303,"column":2},"end":{"line":314,"column":4}},"139":{"start":{"line":305,"column":4},"end":{"line":311,"column":5}},"140":{"start":{"line":306,"column":5},"end":{"line":306,"column":49}},"141":{"start":{"line":307,"column":11},"end":{"line":311,"column":5}},"142":{"start":{"line":308,"column":5},"end":{"line":308,"column":44}},"143":{"start":{"line":310,"column":5},"end":{"line":310,"column":33}},"144":{"start":{"line":321,"column":0},"end":{"line":344,"column":1}},"145":{"start":{"line":322,"column":1},"end":{"line":323,"column":26}},"146":{"start":{"line":324,"column":1},"end":{"line":343,"column":2}},"147":{"start":{"line":325,"column":2},"end":{"line":327,"column":3}},"148":{"start":{"line":326,"column":3},"end":{"line":326,"column":23}},"149":{"start":{"line":330,"column":2},"end":{"line":342,"column":3}},"150":{"start":{"line":331,"column":3},"end":{"line":334,"column":4}},"151":{"start":{"line":332,"column":4},"end":{"line":332,"column":35}},"152":{"start":{"line":335,"column":9},"end":{"line":342,"column":3}},"153":{"start":{"line":336,"column":3},"end":{"line":338,"column":33}},"154":{"start":{"line":340,"column":9},"end":{"line":342,"column":3}},"155":{"start":{"line":341,"column":3},"end":{"line":341,"column":29}},"156":{"start":{"line":348,"column":0},"end":{"line":350,"column":1}},"157":{"start":{"line":349,"column":4},"end":{"line":349,"column":25}},"158":{"start":{"line":358,"column":0},"end":{"line":386,"column":1}},"159":{"start":{"line":359,"column":4},"end":{"line":363,"column":17}},"160":{"start":{"line":364,"column":5},"end":{"line":364,"column":17}},"161":{"start":{"line":365,"column":4},"end":{"line":368,"column":5}},"162":{"start":{"line":366,"column":8},"end":{"line":366,"column":46}},"163":{"start":{"line":367,"column":8},"end":{"line":367,"column":57}},"164":{"start":{"line":370,"column":1},"end":{"line":385,"column":8}},"165":{"start":{"line":371,"column":2},"end":{"line":371,"column":13}},"166":{"start":{"line":372,"column":2},"end":{"line":379,"column":3}},"167":{"start":{"line":373,"column":3},"end":{"line":373,"column":24}},"168":{"start":{"line":374,"column":3},"end":{"line":374,"column":16}},"169":{"start":{"line":375,"column":3},"end":{"line":375,"column":21}},"170":{"start":{"line":377,"column":3},"end":{"line":377,"column":54}},"171":{"start":{"line":378,"column":9},"end":{"line":378,"column":16}},"172":{"start":{"line":380,"column":2},"end":{"line":383,"column":3}},"173":{"start":{"line":381,"column":3},"end":{"line":381,"column":65}},"174":{"start":{"line":382,"column":3},"end":{"line":382,"column":35}},"175":{"start":{"line":387,"column":0},"end":{"line":389,"column":1}},"176":{"start":{"line":388,"column":1},"end":{"line":388,"column":66}},"177":{"start":{"line":391,"column":0},"end":{"line":395,"column":1}},"178":{"start":{"line":393,"column":1},"end":{"line":394,"column":57}},"179":{"start":{"line":403,"column":0},"end":{"line":433,"column":1}},"180":{"start":{"line":404,"column":1},"end":{"line":404,"column":21}},"181":{"start":{"line":405,"column":1},"end":{"line":408,"column":15}},"182":{"start":{"line":409,"column":2},"end":{"line":409,"column":25}},"183":{"start":{"line":410,"column":1},"end":{"line":432,"column":2}},"184":{"start":{"line":411,"column":2},"end":{"line":411,"column":20}},"185":{"start":{"line":412,"column":2},"end":{"line":414,"column":3}},"186":{"start":{"line":413,"column":3},"end":{"line":413,"column":35}},"187":{"start":{"line":416,"column":3},"end":{"line":416,"column":21}},"188":{"start":{"line":417,"column":3},"end":{"line":430,"column":4}},"189":{"start":{"line":418,"column":5},"end":{"line":429,"column":11}},"190":{"start":{"line":419,"column":5},"end":{"line":419,"column":19}},"191":{"start":{"line":420,"column":5},"end":{"line":420,"column":22}},"192":{"start":{"line":421,"column":5},"end":{"line":421,"column":28}},"193":{"start":{"line":422,"column":5},"end":{"line":428,"column":6}},"194":{"start":{"line":423,"column":6},"end":{"line":423,"column":32}},"195":{"start":{"line":424,"column":6},"end":{"line":424,"column":32}},"196":{"start":{"line":425,"column":6},"end":{"line":425,"column":24}},"197":{"start":{"line":426,"column":6},"end":{"line":426,"column":35}},"198":{"start":{"line":427,"column":6},"end":{"line":427,"column":22}},"199":{"start":{"line":440,"column":0},"end":{"line":470,"column":1}},"200":{"start":{"line":441,"column":1},"end":{"line":441,"column":21}},"201":{"start":{"line":442,"column":1},"end":{"line":446,"column":25}},"202":{"start":{"line":447,"column":2},"end":{"line":468,"column":3}},"203":{"start":{"line":448,"column":3},"end":{"line":448,"column":25}},"204":{"start":{"line":449,"column":3},"end":{"line":451,"column":4}},"205":{"start":{"line":450,"column":4},"end":{"line":450,"column":37}},"206":{"start":{"line":453,"column":3},"end":{"line":453,"column":21}},"207":{"start":{"line":454,"column":3},"end":{"line":467,"column":4}},"208":{"start":{"line":455,"column":4},"end":{"line":466,"column":11}},"209":{"start":{"line":456,"column":5},"end":{"line":456,"column":19}},"210":{"start":{"line":457,"column":5},"end":{"line":457,"column":22}},"211":{"start":{"line":458,"column":5},"end":{"line":458,"column":28}},"212":{"start":{"line":459,"column":5},"end":{"line":465,"column":6}},"213":{"start":{"line":460,"column":6},"end":{"line":460,"column":32}},"214":{"start":{"line":461,"column":6},"end":{"line":461,"column":32}},"215":{"start":{"line":462,"column":6},"end":{"line":462,"column":24}},"216":{"start":{"line":463,"column":6},"end":{"line":463,"column":34}},"217":{"start":{"line":464,"column":6},"end":{"line":464,"column":22}},"218":{"start":{"line":472,"column":2},"end":{"line":475,"column":3}},"219":{"start":{"line":473,"column":2},"end":{"line":473,"column":26}},"220":{"start":{"line":474,"column":2},"end":{"line":474,"column":41}},"221":{"start":{"line":477,"column":0},"end":{"line":477,"column":25}}},"branchMap":{"1":{"line":42,"type":"if","locations":[{"start":{"line":42,"column":4},"end":{"line":42,"column":4}},{"start":{"line":42,"column":4},"end":{"line":42,"column":4}}]},"2":{"line":57,"type":"switch","locations":[{"start":{"line":58,"column":4},"end":{"line":61,"column":11}},{"start":{"line":62,"column":4},"end":{"line":64,"column":11}},{"start":{"line":65,"column":4},"end":{"line":65,"column":19}},{"start":{"line":66,"column":4},"end":{"line":66,"column":19}},{"start":{"line":67,"column":4},"end":{"line":69,"column":10}}]},"3":{"line":79,"type":"switch","locations":[{"start":{"line":80,"column":4},"end":{"line":83,"column":11}},{"start":{"line":84,"column":4},"end":{"line":87,"column":11}},{"start":{"line":88,"column":4},"end":{"line":88,"column":19}},{"start":{"line":89,"column":4},"end":{"line":89,"column":19}},{"start":{"line":90,"column":4},"end":{"line":92,"column":11}}]},"4":{"line":100,"type":"switch","locations":[{"start":{"line":101,"column":4},"end":{"line":104,"column":11}},{"start":{"line":105,"column":4},"end":{"line":108,"column":11}},{"start":{"line":109,"column":4},"end":{"line":117,"column":11}},{"start":{"line":118,"column":4},"end":{"line":118,"column":19}},{"start":{"line":119,"column":4},"end":{"line":122,"column":11}}]},"5":{"line":129,"type":"if","locations":[{"start":{"line":129,"column":3},"end":{"line":129,"column":3}},{"start":{"line":129,"column":3},"end":{"line":129,"column":3}}]},"6":{"line":132,"type":"binary-expr","locations":[{"start":{"line":132,"column":17},"end":{"line":132,"column":26}},{"start":{"line":132,"column":30},"end":{"line":132,"column":35}}]},"7":{"line":133,"type":"binary-expr","locations":[{"start":{"line":133,"column":15},"end":{"line":133,"column":27}},{"start":{"line":133,"column":31},"end":{"line":133,"column":47}}]},"8":{"line":134,"type":"if","locations":[{"start":{"line":134,"column":6},"end":{"line":134,"column":6}},{"start":{"line":134,"column":6},"end":{"line":134,"column":6}}]},"9":{"line":139,"type":"if","locations":[{"start":{"line":139,"column":10},"end":{"line":139,"column":10}},{"start":{"line":139,"column":10},"end":{"line":139,"column":10}}]},"10":{"line":141,"type":"binary-expr","locations":[{"start":{"line":141,"column":17},"end":{"line":141,"column":26}},{"start":{"line":141,"column":30},"end":{"line":141,"column":35}}]},"11":{"line":142,"type":"binary-expr","locations":[{"start":{"line":142,"column":14},"end":{"line":142,"column":26}},{"start":{"line":142,"column":30},"end":{"line":142,"column":46}}]},"12":{"line":143,"type":"if","locations":[{"start":{"line":143,"column":5},"end":{"line":143,"column":5}},{"start":{"line":143,"column":5},"end":{"line":143,"column":5}}]},"13":{"line":150,"type":"binary-expr","locations":[{"start":{"line":150,"column":17},"end":{"line":150,"column":26}},{"start":{"line":150,"column":30},"end":{"line":150,"column":35}}]},"14":{"line":151,"type":"binary-expr","locations":[{"start":{"line":151,"column":15},"end":{"line":151,"column":27}},{"start":{"line":151,"column":31},"end":{"line":151,"column":47}}]},"15":{"line":152,"type":"if","locations":[{"start":{"line":152,"column":6},"end":{"line":152,"column":6}},{"start":{"line":152,"column":6},"end":{"line":152,"column":6}}]},"16":{"line":179,"type":"if","locations":[{"start":{"line":179,"column":4},"end":{"line":179,"column":4}},{"start":{"line":179,"column":4},"end":{"line":179,"column":4}}]},"17":{"line":233,"type":"if","locations":[{"start":{"line":233,"column":3},"end":{"line":233,"column":3}},{"start":{"line":233,"column":3},"end":{"line":233,"column":3}}]},"18":{"line":257,"type":"if","locations":[{"start":{"line":257,"column":2},"end":{"line":257,"column":2}},{"start":{"line":257,"column":2},"end":{"line":257,"column":2}}]},"19":{"line":274,"type":"if","locations":[{"start":{"line":274,"column":2},"end":{"line":274,"column":2}},{"start":{"line":274,"column":2},"end":{"line":274,"column":2}}]},"20":{"line":294,"type":"if","locations":[{"start":{"line":294,"column":3},"end":{"line":294,"column":3}},{"start":{"line":294,"column":3},"end":{"line":294,"column":3}}]},"21":{"line":305,"type":"if","locations":[{"start":{"line":305,"column":4},"end":{"line":305,"column":4}},{"start":{"line":305,"column":4},"end":{"line":305,"column":4}}]},"22":{"line":307,"type":"if","locations":[{"start":{"line":307,"column":11},"end":{"line":307,"column":11}},{"start":{"line":307,"column":11},"end":{"line":307,"column":11}}]},"23":{"line":323,"type":"binary-expr","locations":[{"start":{"line":323,"column":8},"end":{"line":323,"column":20}},{"start":{"line":323,"column":24},"end":{"line":323,"column":25}}]},"24":{"line":324,"type":"if","locations":[{"start":{"line":324,"column":1},"end":{"line":324,"column":1}},{"start":{"line":324,"column":1},"end":{"line":324,"column":1}}]},"25":{"line":330,"type":"if","locations":[{"start":{"line":330,"column":2},"end":{"line":330,"column":2}},{"start":{"line":330,"column":2},"end":{"line":330,"column":2}}]},"26":{"line":335,"type":"if","locations":[{"start":{"line":335,"column":9},"end":{"line":335,"column":9}},{"start":{"line":335,"column":9},"end":{"line":335,"column":9}}]},"27":{"line":335,"type":"binary-expr","locations":[{"start":{"line":335,"column":13},"end":{"line":335,"column":37}},{"start":{"line":335,"column":41},"end":{"line":335,"column":47}}]},"28":{"line":336,"type":"cond-expr","locations":[{"start":{"line":337,"column":7},"end":{"line":337,"column":41}},{"start":{"line":338,"column":8},"end":{"line":338,"column":32}}]},"29":{"line":340,"type":"if","locations":[{"start":{"line":340,"column":9},"end":{"line":340,"column":9}},{"start":{"line":340,"column":9},"end":{"line":340,"column":9}}]},"30":{"line":340,"type":"binary-expr","locations":[{"start":{"line":340,"column":13},"end":{"line":340,"column":37}},{"start":{"line":340,"column":41},"end":{"line":340,"column":66}}]},"31":{"line":372,"type":"if","locations":[{"start":{"line":372,"column":2},"end":{"line":372,"column":2}},{"start":{"line":372,"column":2},"end":{"line":372,"column":2}}]},"32":{"line":377,"type":"cond-expr","locations":[{"start":{"line":377,"column":36},"end":{"line":377,"column":46}},{"start":{"line":377,"column":49},"end":{"line":377,"column":53}}]},"33":{"line":393,"type":"cond-expr","locations":[{"start":{"line":393,"column":36},"end":{"line":393,"column":66}},{"start":{"line":394,"column":8},"end":{"line":394,"column":56}}]},"34":{"line":405,"type":"binary-expr","locations":[{"start":{"line":405,"column":13},"end":{"line":405,"column":18}},{"start":{"line":405,"column":22},"end":{"line":405,"column":24}}]},"35":{"line":406,"type":"binary-expr","locations":[{"start":{"line":406,"column":12},"end":{"line":406,"column":19}},{"start":{"line":406,"column":23},"end":{"line":406,"column":26}}]},"36":{"line":409,"type":"binary-expr","locations":[{"start":{"line":409,"column":8},"end":{"line":409,"column":19}},{"start":{"line":409,"column":23},"end":{"line":409,"column":24}}]},"37":{"line":410,"type":"if","locations":[{"start":{"line":410,"column":1},"end":{"line":410,"column":1}},{"start":{"line":410,"column":1},"end":{"line":410,"column":1}}]},"38":{"line":417,"type":"if","locations":[{"start":{"line":417,"column":3},"end":{"line":417,"column":3}},{"start":{"line":417,"column":3},"end":{"line":417,"column":3}}]},"39":{"line":422,"type":"if","locations":[{"start":{"line":422,"column":5},"end":{"line":422,"column":5}},{"start":{"line":422,"column":5},"end":{"line":422,"column":5}}]},"40":{"line":442,"type":"binary-expr","locations":[{"start":{"line":442,"column":13},"end":{"line":442,"column":18}},{"start":{"line":442,"column":22},"end":{"line":442,"column":24}}]},"41":{"line":443,"type":"binary-expr","locations":[{"start":{"line":443,"column":12},"end":{"line":443,"column":19}},{"start":{"line":443,"column":23},"end":{"line":443,"column":24}}]},"42":{"line":446,"type":"binary-expr","locations":[{"start":{"line":446,"column":8},"end":{"line":446,"column":19}},{"start":{"line":446,"column":23},"end":{"line":446,"column":24}}]},"43":{"line":447,"type":"if","locations":[{"start":{"line":447,"column":2},"end":{"line":447,"column":2}},{"start":{"line":447,"column":2},"end":{"line":447,"column":2}}]},"44":{"line":454,"type":"if","locations":[{"start":{"line":454,"column":3},"end":{"line":454,"column":3}},{"start":{"line":454,"column":3},"end":{"line":454,"column":3}}]},"45":{"line":459,"type":"if","locations":[{"start":{"line":459,"column":5},"end":{"line":459,"column":5}},{"start":{"line":459,"column":5},"end":{"line":459,"column":5}}]},"46":{"line":473,"type":"binary-expr","locations":[{"start":{"line":473,"column":12},"end":{"line":473,"column":19}},{"start":{"line":473,"column":23},"end":{"line":473,"column":25}}]}}}}