{"C:\\Users\\Administrator\\Desktop\\github\\tab\\assets\\js\\tab.js":{"path":"C:\\Users\\Administrator\\Desktop\\github\\tab\\assets\\js\\tab.js","s":{"1":1,"2":1,"3":10,"4":10,"5":10,"6":10,"7":10,"8":10,"9":10,"10":10,"11":1,"12":10,"13":10,"14":10,"15":10,"16":10,"17":10,"18":10,"19":10,"20":10,"21":10,"22":10,"23":17,"24":17,"25":10,"26":10,"27":10,"28":10,"29":2,"30":2,"31":2,"32":2,"33":2,"34":6,"35":6,"36":10,"37":10,"38":10,"39":10,"40":2,"41":2,"42":2,"43":2,"44":2,"45":2,"46":6,"47":6,"48":5,"49":5,"50":5,"51":5,"52":1,"53":1,"54":1,"55":2,"56":2,"57":2,"58":1,"59":1,"60":1,"61":1,"62":1,"63":1,"64":1,"65":5,"66":10,"67":10,"68":10,"69":8,"70":1,"71":1,"72":0,"73":2,"74":2,"75":1,"76":1,"77":0,"78":11,"79":11,"80":11,"81":11,"82":11,"83":11,"84":11,"85":11,"86":11,"87":11,"88":11,"89":11,"90":11,"91":53,"92":53,"93":53,"94":53,"95":53,"96":11,"97":53,"98":53,"99":53,"100":53,"101":53,"102":11,"103":11,"104":11,"105":11,"106":11,"107":12,"108":12,"109":12,"110":12,"111":12,"112":12,"113":24,"114":24,"115":24,"116":2,"117":2,"118":6,"119":24,"120":24,"121":4,"122":4,"123":4,"124":24,"125":120,"126":11,"127":11,"128":11,"129":11,"130":11,"131":1,"132":176,"133":176,"134":0,"135":0,"136":176,"137":1,"138":15,"139":15,"140":15,"141":76,"142":0,"143":1,"144":10,"145":10,"146":10,"147":10,"148":49,"149":0,"150":1,"151":10,"152":10,"153":0,"154":0,"155":0,"156":1,"157":302,"158":302,"159":21,"160":105,"161":281,"162":153,"163":153,"164":128,"165":41,"166":87,"167":87,"168":1,"169":87,"170":1,"171":3,"172":3,"173":3,"174":3,"175":3,"176":3,"177":90,"178":90,"179":3,"180":3,"181":3,"182":3,"183":3,"184":87,"185":87,"186":87,"187":1,"188":281,"189":1,"190":40,"191":1,"192":1,"193":1,"194":1,"195":0,"196":0,"197":0,"198":1,"199":1,"200":4,"201":4,"202":4,"203":4,"204":4,"205":1,"206":1,"207":1,"208":1,"209":1,"210":1,"211":8,"212":8,"213":8,"214":1,"215":1,"216":7,"217":7,"218":7,"219":28,"220":28,"221":28,"222":28,"223":28,"224":7,"225":7,"226":7,"227":7,"228":1,"229":10,"230":10,"231":1},"b":{"1":[17,0],"2":[2,2,5,6,6],"3":[2,2,1,6,6],"4":[1,2,1,1,1],"5":[8,2],"6":[10,2],"7":[1,1],"8":[1,0],"9":[0,1],"10":[2,0],"11":[1,1],"12":[1,0],"13":[0,1],"14":[11,42],"15":[2,22],"16":[24,0],"17":[4,20],"18":[2,2],"19":[0,176],"20":[15,0],"21":[10,0],"22":[10,0],"23":[0,0],"24":[302,281],"25":[21,281],"26":[153,128],"27":[41,87],"28":[128,128],"29":[41,0],"30":[87,0],"31":[87,87],"32":[3,87],"33":[0,3],"34":[40,0],"35":[0,1],"36":[0,1],"37":[1,1],"38":[0,1],"39":[4,0],"40":[4,0],"41":[1,3],"42":[7,1],"43":[7,1],"44":[8,7],"45":[1,7],"46":[28,0],"47":[28,0],"48":[7,21],"49":[10,1]},"f":{"1":1,"2":10,"3":10,"4":10,"5":10,"6":10,"7":5,"8":1,"9":10,"10":1,"11":1,"12":11,"13":12,"14":12,"15":24,"16":11,"17":176,"18":15,"19":10,"20":10,"21":302,"22":87,"23":3,"24":90,"25":281,"26":40,"27":1,"28":4,"29":8,"30":28,"31":10},"fnMap":{"1":{"name":"(anonymous_1)","line":2,"loc":{"start":{"line":2,"column":1},"end":{"line":2,"column":21}}},"2":{"name":"TabSwitch","line":4,"loc":{"start":{"line":4,"column":1},"end":{"line":4,"column":28}}},"3":{"name":"(anonymous_3)","line":20,"loc":{"start":{"line":20,"column":10},"end":{"line":20,"column":22}}},"4":{"name":"(anonymous_4)","line":36,"loc":{"start":{"line":36,"column":13},"end":{"line":36,"column":31}}},"5":{"name":"(anonymous_5)","line":51,"loc":{"start":{"line":51,"column":11},"end":{"line":51,"column":23}}},"6":{"name":"(anonymous_6)","line":75,"loc":{"start":{"line":75,"column":13},"end":{"line":75,"column":25}}},"7":{"name":"(anonymous_7)","line":97,"loc":{"start":{"line":97,"column":13},"end":{"line":97,"column":30}}},"8":{"name":"(anonymous_8)","line":114,"loc":{"start":{"line":114,"column":24},"end":{"line":114,"column":36}}},"9":{"name":"(anonymous_9)","line":127,"loc":{"start":{"line":127,"column":7},"end":{"line":127,"column":23}}},"10":{"name":"(anonymous_10)","line":132,"loc":{"start":{"line":132,"column":50},"end":{"line":132,"column":67}}},"11":{"name":"(anonymous_11)","line":141,"loc":{"start":{"line":141,"column":54},"end":{"line":141,"column":71}}},"12":{"name":"(anonymous_12)","line":150,"loc":{"start":{"line":150,"column":12},"end":{"line":150,"column":27}}},"13":{"name":"(anonymous_13)","line":194,"loc":{"start":{"line":194,"column":17},"end":{"line":194,"column":33}}},"14":{"name":"(anonymous_14)","line":206,"loc":{"start":{"line":206,"column":17},"end":{"line":206,"column":33}}},"15":{"name":"(anonymous_15)","line":218,"loc":{"start":{"line":218,"column":11},"end":{"line":218,"column":42}}},"16":{"name":"(anonymous_16)","line":245,"loc":{"start":{"line":245,"column":12},"end":{"line":245,"column":24}}},"17":{"name":"addClass","line":259,"loc":{"start":{"line":259,"column":1},"end":{"line":259,"column":32}}},"18":{"name":"removeClass","line":276,"loc":{"start":{"line":276,"column":1},"end":{"line":276,"column":35}}},"19":{"name":"setIndex","line":296,"loc":{"start":{"line":296,"column":1},"end":{"line":296,"column":26}}},"20":{"name":"(anonymous_20)","line":309,"loc":{"start":{"line":309,"column":15},"end":{"line":309,"column":46}}},"21":{"name":"css","line":326,"loc":{"start":{"line":326,"column":0},"end":{"line":326,"column":33}}},"22":{"name":"linear","line":353,"loc":{"start":{"line":353,"column":0},"end":{"line":353,"column":28}}},"23":{"name":"animate","line":363,"loc":{"start":{"line":363,"column":0},"end":{"line":363,"column":51}}},"24":{"name":"(anonymous_24)","line":375,"loc":{"start":{"line":375,"column":21},"end":{"line":375,"column":33}}},"25":{"name":"isObject","line":392,"loc":{"start":{"line":392,"column":0},"end":{"line":392,"column":23}}},"26":{"name":"setOpacity","line":396,"loc":{"start":{"line":396,"column":0},"end":{"line":396,"column":30}}},"27":{"name":"fideIn","line":407,"loc":{"start":{"line":407,"column":0},"end":{"line":407,"column":38}}},"28":{"name":"(anonymous_28)","line":422,"loc":{"start":{"line":422,"column":30},"end":{"line":422,"column":42}}},"29":{"name":"fideOut","line":449,"loc":{"start":{"line":449,"column":0},"end":{"line":449,"column":38}}},"30":{"name":"(anonymous_30)","line":463,"loc":{"start":{"line":463,"column":29},"end":{"line":463,"column":41}}},"31":{"name":"(anonymous_31)","line":480,"loc":{"start":{"line":480,"column":12},"end":{"line":480,"column":31}}}},"statementMap":{"1":{"start":{"line":2,"column":0},"end":{"line":486,"column":21}},"2":{"start":{"line":4,"column":1},"end":{"line":18,"column":2}},"3":{"start":{"line":6,"column":2},"end":{"line":6,"column":38}},"4":{"start":{"line":9,"column":2},"end":{"line":9,"column":18}},"5":{"start":{"line":10,"column":2},"end":{"line":10,"column":21}},"6":{"start":{"line":11,"column":2},"end":{"line":11,"column":24}},"7":{"start":{"line":12,"column":2},"end":{"line":12,"column":21}},"8":{"start":{"line":13,"column":2},"end":{"line":13,"column":24}},"9":{"start":{"line":14,"column":2},"end":{"line":14,"column":27}},"10":{"start":{"line":17,"column":2},"end":{"line":17,"column":17}},"11":{"start":{"line":19,"column":1},"end":{"line":252,"column":2}},"12":{"start":{"line":21,"column":3},"end":{"line":21,"column":19}},"13":{"start":{"line":23,"column":3},"end":{"line":23,"column":36}},"14":{"start":{"line":24,"column":3},"end":{"line":24,"column":18}},"15":{"start":{"line":25,"column":3},"end":{"line":25,"column":20}},"16":{"start":{"line":26,"column":3},"end":{"line":26,"column":29}},"17":{"start":{"line":27,"column":3},"end":{"line":27,"column":24}},"18":{"start":{"line":28,"column":3},"end":{"line":28,"column":24}},"19":{"start":{"line":29,"column":3},"end":{"line":29,"column":19}},"20":{"start":{"line":30,"column":4},"end":{"line":30,"column":16}},"21":{"start":{"line":37,"column":3},"end":{"line":43,"column":4}},"22":{"start":{"line":44,"column":3},"end":{"line":48,"column":4}},"23":{"start":{"line":45,"column":4},"end":{"line":47,"column":5}},"24":{"start":{"line":46,"column":5},"end":{"line":46,"column":33}},"25":{"start":{"line":49,"column":3},"end":{"line":49,"column":24}},"26":{"start":{"line":53,"column":3},"end":{"line":55,"column":35}},"27":{"start":{"line":57,"column":4},"end":{"line":57,"column":36}},"28":{"start":{"line":59,"column":3},"end":{"line":73,"column":4}},"29":{"start":{"line":61,"column":5},"end":{"line":61,"column":61}},"30":{"start":{"line":62,"column":5},"end":{"line":62,"column":41}},"31":{"start":{"line":63,"column":5},"end":{"line":63,"column":11}},"32":{"start":{"line":65,"column":5},"end":{"line":65,"column":62}},"33":{"start":{"line":66,"column":5},"end":{"line":66,"column":11}},"34":{"start":{"line":70,"column":5},"end":{"line":70,"column":43}},"35":{"start":{"line":71,"column":4},"end":{"line":71,"column":10}},"36":{"start":{"line":76,"column":3},"end":{"line":76,"column":30}},"37":{"start":{"line":78,"column":3},"end":{"line":78,"column":42}},"38":{"start":{"line":79,"column":3},"end":{"line":79,"column":46}},"39":{"start":{"line":81,"column":3},"end":{"line":95,"column":4}},"40":{"start":{"line":83,"column":5},"end":{"line":83,"column":70}},"41":{"start":{"line":84,"column":6},"end":{"line":84,"column":40}},"42":{"start":{"line":85,"column":5},"end":{"line":85,"column":11}},"43":{"start":{"line":87,"column":5},"end":{"line":87,"column":71}},"44":{"start":{"line":88,"column":6},"end":{"line":88,"column":39}},"45":{"start":{"line":89,"column":5},"end":{"line":89,"column":11}},"46":{"start":{"line":93,"column":5},"end":{"line":93,"column":51}},"47":{"start":{"line":94,"column":5},"end":{"line":94,"column":11}},"48":{"start":{"line":98,"column":3},"end":{"line":98,"column":19}},"49":{"start":{"line":99,"column":3},"end":{"line":99,"column":42}},"50":{"start":{"line":100,"column":3},"end":{"line":100,"column":46}},"51":{"start":{"line":102,"column":3},"end":{"line":124,"column":4}},"52":{"start":{"line":104,"column":5},"end":{"line":104,"column":53}},"53":{"start":{"line":105,"column":5},"end":{"line":105,"column":64}},"54":{"start":{"line":106,"column":5},"end":{"line":106,"column":11}},"55":{"start":{"line":108,"column":5},"end":{"line":108,"column":55}},"56":{"start":{"line":109,"column":5},"end":{"line":109,"column":63}},"57":{"start":{"line":110,"column":5},"end":{"line":110,"column":11}},"58":{"start":{"line":113,"column":5},"end":{"line":113,"column":28}},"59":{"start":{"line":114,"column":5},"end":{"line":116,"column":12}},"60":{"start":{"line":115,"column":6},"end":{"line":115,"column":35}},"61":{"start":{"line":118,"column":5},"end":{"line":118,"column":11}},"62":{"start":{"line":121,"column":5},"end":{"line":121,"column":43}},"63":{"start":{"line":122,"column":5},"end":{"line":122,"column":51}},"64":{"start":{"line":123,"column":5},"end":{"line":123,"column":11}},"65":{"start":{"line":125,"column":3},"end":{"line":125,"column":15}},"66":{"start":{"line":128,"column":3},"end":{"line":128,"column":19}},"67":{"start":{"line":129,"column":3},"end":{"line":129,"column":27}},"68":{"start":{"line":131,"column":3},"end":{"line":148,"column":4}},"69":{"start":{"line":132,"column":4},"end":{"line":138,"column":7}},"70":{"start":{"line":133,"column":5},"end":{"line":134,"column":48}},"71":{"start":{"line":135,"column":6},"end":{"line":137,"column":7}},"72":{"start":{"line":136,"column":7},"end":{"line":136,"column":36}},"73":{"start":{"line":140,"column":10},"end":{"line":148,"column":4}},"74":{"start":{"line":141,"column":4},"end":{"line":147,"column":7}},"75":{"start":{"line":142,"column":5},"end":{"line":143,"column":48}},"76":{"start":{"line":144,"column":5},"end":{"line":146,"column":6}},"77":{"start":{"line":145,"column":6},"end":{"line":145,"column":35}},"78":{"start":{"line":152,"column":3},"end":{"line":152,"column":22}},"79":{"start":{"line":153,"column":3},"end":{"line":153,"column":22}},"80":{"start":{"line":154,"column":3},"end":{"line":160,"column":19}},"81":{"start":{"line":162,"column":3},"end":{"line":162,"column":24}},"82":{"start":{"line":163,"column":3},"end":{"line":163,"column":18}},"83":{"start":{"line":164,"column":3},"end":{"line":164,"column":35}},"84":{"start":{"line":165,"column":3},"end":{"line":165,"column":34}},"85":{"start":{"line":166,"column":3},"end":{"line":166,"column":29}},"86":{"start":{"line":167,"column":3},"end":{"line":167,"column":43}},"87":{"start":{"line":168,"column":3},"end":{"line":168,"column":29}},"88":{"start":{"line":169,"column":3},"end":{"line":169,"column":29}},"89":{"start":{"line":170,"column":3},"end":{"line":170,"column":38}},"90":{"start":{"line":171,"column":3},"end":{"line":187,"column":4}},"91":{"start":{"line":172,"column":4},"end":{"line":172,"column":37}},"92":{"start":{"line":173,"column":4},"end":{"line":173,"column":33}},"93":{"start":{"line":174,"column":4},"end":{"line":174,"column":41}},"94":{"start":{"line":175,"column":4},"end":{"line":175,"column":30}},"95":{"start":{"line":176,"column":4},"end":{"line":178,"column":5}},"96":{"start":{"line":177,"column":5},"end":{"line":177,"column":35}},"97":{"start":{"line":180,"column":4},"end":{"line":180,"column":33}},"98":{"start":{"line":181,"column":4},"end":{"line":181,"column":34}},"99":{"start":{"line":182,"column":4},"end":{"line":182,"column":41}},"100":{"start":{"line":185,"column":4},"end":{"line":185,"column":32}},"101":{"start":{"line":186,"column":4},"end":{"line":186,"column":35}},"102":{"start":{"line":188,"column":3},"end":{"line":188,"column":28}},"103":{"start":{"line":189,"column":3},"end":{"line":189,"column":36}},"104":{"start":{"line":190,"column":3},"end":{"line":190,"column":26}},"105":{"start":{"line":191,"column":3},"end":{"line":191,"column":31}},"106":{"start":{"line":192,"column":3},"end":{"line":192,"column":15}},"107":{"start":{"line":195,"column":3},"end":{"line":202,"column":6}},"108":{"start":{"line":203,"column":3},"end":{"line":203,"column":45}},"109":{"start":{"line":204,"column":3},"end":{"line":204,"column":15}},"110":{"start":{"line":207,"column":3},"end":{"line":214,"column":6}},"111":{"start":{"line":215,"column":3},"end":{"line":215,"column":45}},"112":{"start":{"line":216,"column":3},"end":{"line":216,"column":15}},"113":{"start":{"line":219,"column":3},"end":{"line":220,"column":27}},"114":{"start":{"line":222,"column":3},"end":{"line":222,"column":30}},"115":{"start":{"line":223,"column":3},"end":{"line":228,"column":4}},"116":{"start":{"line":224,"column":4},"end":{"line":224,"column":30}},"117":{"start":{"line":225,"column":4},"end":{"line":227,"column":5}},"118":{"start":{"line":226,"column":5},"end":{"line":226,"column":25}},"119":{"start":{"line":230,"column":3},"end":{"line":242,"column":4}},"120":{"start":{"line":231,"column":4},"end":{"line":238,"column":5}},"121":{"start":{"line":232,"column":5},"end":{"line":232,"column":36}},"122":{"start":{"line":233,"column":5},"end":{"line":237,"column":6}},"123":{"start":{"line":234,"column":6},"end":{"line":236,"column":49}},"124":{"start":{"line":239,"column":4},"end":{"line":241,"column":6}},"125":{"start":{"line":240,"column":6},"end":{"line":240,"column":37}},"126":{"start":{"line":246,"column":3},"end":{"line":246,"column":84}},"127":{"start":{"line":247,"column":3},"end":{"line":247,"column":29}},"128":{"start":{"line":248,"column":3},"end":{"line":248,"column":35}},"129":{"start":{"line":249,"column":3},"end":{"line":249,"column":34}},"130":{"start":{"line":250,"column":3},"end":{"line":250,"column":15}},"131":{"start":{"line":259,"column":1},"end":{"line":270,"column":2}},"132":{"start":{"line":260,"column":2},"end":{"line":261,"column":21}},"133":{"start":{"line":262,"column":2},"end":{"line":268,"column":3}},"134":{"start":{"line":263,"column":3},"end":{"line":265,"column":4}},"135":{"start":{"line":264,"column":4},"end":{"line":264,"column":37}},"136":{"start":{"line":267,"column":3},"end":{"line":267,"column":33}},"137":{"start":{"line":276,"column":1},"end":{"line":290,"column":2}},"138":{"start":{"line":277,"column":2},"end":{"line":278,"column":21}},"139":{"start":{"line":279,"column":2},"end":{"line":289,"column":3}},"140":{"start":{"line":280,"column":3},"end":{"line":284,"column":4}},"141":{"start":{"line":281,"column":4},"end":{"line":283,"column":9}},"142":{"start":{"line":286,"column":3},"end":{"line":288,"column":9}},"143":{"start":{"line":296,"column":1},"end":{"line":307,"column":2}},"144":{"start":{"line":297,"column":2},"end":{"line":297,"column":12}},"145":{"start":{"line":298,"column":3},"end":{"line":298,"column":22}},"146":{"start":{"line":299,"column":3},"end":{"line":305,"column":4}},"147":{"start":{"line":300,"column":4},"end":{"line":302,"column":5}},"148":{"start":{"line":301,"column":5},"end":{"line":301,"column":24}},"149":{"start":{"line":304,"column":4},"end":{"line":304,"column":20}},"150":{"start":{"line":308,"column":2},"end":{"line":319,"column":4}},"151":{"start":{"line":310,"column":4},"end":{"line":316,"column":5}},"152":{"start":{"line":311,"column":5},"end":{"line":311,"column":49}},"153":{"start":{"line":312,"column":11},"end":{"line":316,"column":5}},"154":{"start":{"line":313,"column":5},"end":{"line":313,"column":44}},"155":{"start":{"line":315,"column":5},"end":{"line":315,"column":33}},"156":{"start":{"line":326,"column":0},"end":{"line":349,"column":1}},"157":{"start":{"line":327,"column":1},"end":{"line":328,"column":26}},"158":{"start":{"line":329,"column":1},"end":{"line":348,"column":2}},"159":{"start":{"line":330,"column":2},"end":{"line":332,"column":3}},"160":{"start":{"line":331,"column":3},"end":{"line":331,"column":23}},"161":{"start":{"line":335,"column":2},"end":{"line":347,"column":3}},"162":{"start":{"line":336,"column":3},"end":{"line":339,"column":4}},"163":{"start":{"line":337,"column":4},"end":{"line":337,"column":35}},"164":{"start":{"line":340,"column":9},"end":{"line":347,"column":3}},"165":{"start":{"line":341,"column":3},"end":{"line":343,"column":33}},"166":{"start":{"line":345,"column":9},"end":{"line":347,"column":3}},"167":{"start":{"line":346,"column":3},"end":{"line":346,"column":29}},"168":{"start":{"line":353,"column":0},"end":{"line":355,"column":1}},"169":{"start":{"line":354,"column":4},"end":{"line":354,"column":25}},"170":{"start":{"line":363,"column":0},"end":{"line":391,"column":1}},"171":{"start":{"line":364,"column":4},"end":{"line":368,"column":17}},"172":{"start":{"line":369,"column":5},"end":{"line":369,"column":17}},"173":{"start":{"line":370,"column":4},"end":{"line":373,"column":5}},"174":{"start":{"line":371,"column":8},"end":{"line":371,"column":46}},"175":{"start":{"line":372,"column":8},"end":{"line":372,"column":57}},"176":{"start":{"line":375,"column":1},"end":{"line":390,"column":8}},"177":{"start":{"line":376,"column":2},"end":{"line":376,"column":13}},"178":{"start":{"line":377,"column":2},"end":{"line":384,"column":3}},"179":{"start":{"line":378,"column":3},"end":{"line":378,"column":24}},"180":{"start":{"line":379,"column":3},"end":{"line":379,"column":16}},"181":{"start":{"line":380,"column":3},"end":{"line":380,"column":21}},"182":{"start":{"line":382,"column":3},"end":{"line":382,"column":54}},"183":{"start":{"line":383,"column":9},"end":{"line":383,"column":16}},"184":{"start":{"line":385,"column":2},"end":{"line":388,"column":3}},"185":{"start":{"line":386,"column":3},"end":{"line":386,"column":65}},"186":{"start":{"line":387,"column":3},"end":{"line":387,"column":35}},"187":{"start":{"line":392,"column":0},"end":{"line":394,"column":1}},"188":{"start":{"line":393,"column":1},"end":{"line":393,"column":66}},"189":{"start":{"line":396,"column":0},"end":{"line":399,"column":1}},"190":{"start":{"line":397,"column":1},"end":{"line":398,"column":57}},"191":{"start":{"line":407,"column":0},"end":{"line":442,"column":1}},"192":{"start":{"line":408,"column":1},"end":{"line":412,"column":25}},"193":{"start":{"line":413,"column":2},"end":{"line":413,"column":20}},"194":{"start":{"line":414,"column":1},"end":{"line":441,"column":2}},"195":{"start":{"line":415,"column":2},"end":{"line":415,"column":20}},"196":{"start":{"line":416,"column":2},"end":{"line":418,"column":3}},"197":{"start":{"line":417,"column":3},"end":{"line":417,"column":35}},"198":{"start":{"line":420,"column":4},"end":{"line":420,"column":30}},"199":{"start":{"line":422,"column":5},"end":{"line":440,"column":11}},"200":{"start":{"line":423,"column":5},"end":{"line":439,"column":6}},"201":{"start":{"line":424,"column":6},"end":{"line":427,"column":7}},"202":{"start":{"line":425,"column":7},"end":{"line":425,"column":21}},"203":{"start":{"line":426,"column":7},"end":{"line":426,"column":30}},"204":{"start":{"line":429,"column":6},"end":{"line":438,"column":7}},"205":{"start":{"line":431,"column":7},"end":{"line":431,"column":33}},"206":{"start":{"line":432,"column":7},"end":{"line":432,"column":33}},"207":{"start":{"line":435,"column":7},"end":{"line":435,"column":56}},"208":{"start":{"line":436,"column":7},"end":{"line":436,"column":36}},"209":{"start":{"line":437,"column":7},"end":{"line":437,"column":24}},"210":{"start":{"line":449,"column":0},"end":{"line":478,"column":1}},"211":{"start":{"line":450,"column":1},"end":{"line":454,"column":25}},"212":{"start":{"line":455,"column":2},"end":{"line":455,"column":20}},"213":{"start":{"line":456,"column":2},"end":{"line":477,"column":3}},"214":{"start":{"line":457,"column":3},"end":{"line":457,"column":25}},"215":{"start":{"line":458,"column":3},"end":{"line":460,"column":4}},"216":{"start":{"line":459,"column":4},"end":{"line":459,"column":37}},"217":{"start":{"line":462,"column":4},"end":{"line":462,"column":30}},"218":{"start":{"line":463,"column":4},"end":{"line":476,"column":11}},"219":{"start":{"line":464,"column":5},"end":{"line":475,"column":6}},"220":{"start":{"line":465,"column":6},"end":{"line":468,"column":7}},"221":{"start":{"line":466,"column":7},"end":{"line":466,"column":21}},"222":{"start":{"line":467,"column":7},"end":{"line":467,"column":30}},"223":{"start":{"line":469,"column":6},"end":{"line":474,"column":7}},"224":{"start":{"line":470,"column":7},"end":{"line":470,"column":33}},"225":{"start":{"line":471,"column":7},"end":{"line":471,"column":33}},"226":{"start":{"line":472,"column":7},"end":{"line":472,"column":35}},"227":{"start":{"line":473,"column":7},"end":{"line":473,"column":24}},"228":{"start":{"line":480,"column":2},"end":{"line":483,"column":3}},"229":{"start":{"line":481,"column":2},"end":{"line":481,"column":26}},"230":{"start":{"line":482,"column":2},"end":{"line":482,"column":41}},"231":{"start":{"line":485,"column":0},"end":{"line":485,"column":25}}},"branchMap":{"1":{"line":45,"type":"if","locations":[{"start":{"line":45,"column":4},"end":{"line":45,"column":4}},{"start":{"line":45,"column":4},"end":{"line":45,"column":4}}]},"2":{"line":59,"type":"switch","locations":[{"start":{"line":60,"column":4},"end":{"line":63,"column":11}},{"start":{"line":64,"column":4},"end":{"line":66,"column":11}},{"start":{"line":67,"column":4},"end":{"line":67,"column":19}},{"start":{"line":68,"column":4},"end":{"line":68,"column":19}},{"start":{"line":69,"column":4},"end":{"line":71,"column":10}}]},"3":{"line":81,"type":"switch","locations":[{"start":{"line":82,"column":4},"end":{"line":85,"column":11}},{"start":{"line":86,"column":4},"end":{"line":89,"column":11}},{"start":{"line":90,"column":4},"end":{"line":90,"column":19}},{"start":{"line":91,"column":4},"end":{"line":91,"column":19}},{"start":{"line":92,"column":4},"end":{"line":94,"column":11}}]},"4":{"line":102,"type":"switch","locations":[{"start":{"line":103,"column":4},"end":{"line":106,"column":11}},{"start":{"line":107,"column":4},"end":{"line":110,"column":11}},{"start":{"line":111,"column":4},"end":{"line":118,"column":11}},{"start":{"line":119,"column":4},"end":{"line":119,"column":19}},{"start":{"line":120,"column":4},"end":{"line":123,"column":11}}]},"5":{"line":131,"type":"if","locations":[{"start":{"line":131,"column":3},"end":{"line":131,"column":3}},{"start":{"line":131,"column":3},"end":{"line":131,"column":3}}]},"6":{"line":131,"type":"binary-expr","locations":[{"start":{"line":131,"column":7},"end":{"line":131,"column":23}},{"start":{"line":131,"column":27},"end":{"line":131,"column":43}}]},"7":{"line":133,"type":"binary-expr","locations":[{"start":{"line":133,"column":17},"end":{"line":133,"column":26}},{"start":{"line":133,"column":30},"end":{"line":133,"column":35}}]},"8":{"line":134,"type":"binary-expr","locations":[{"start":{"line":134,"column":15},"end":{"line":134,"column":27}},{"start":{"line":134,"column":31},"end":{"line":134,"column":47}}]},"9":{"line":135,"type":"if","locations":[{"start":{"line":135,"column":6},"end":{"line":135,"column":6}},{"start":{"line":135,"column":6},"end":{"line":135,"column":6}}]},"10":{"line":140,"type":"if","locations":[{"start":{"line":140,"column":10},"end":{"line":140,"column":10}},{"start":{"line":140,"column":10},"end":{"line":140,"column":10}}]},"11":{"line":142,"type":"binary-expr","locations":[{"start":{"line":142,"column":17},"end":{"line":142,"column":26}},{"start":{"line":142,"column":30},"end":{"line":142,"column":35}}]},"12":{"line":143,"type":"binary-expr","locations":[{"start":{"line":143,"column":15},"end":{"line":143,"column":27}},{"start":{"line":143,"column":31},"end":{"line":143,"column":47}}]},"13":{"line":144,"type":"if","locations":[{"start":{"line":144,"column":5},"end":{"line":144,"column":5}},{"start":{"line":144,"column":5},"end":{"line":144,"column":5}}]},"14":{"line":176,"type":"if","locations":[{"start":{"line":176,"column":4},"end":{"line":176,"column":4}},{"start":{"line":176,"column":4},"end":{"line":176,"column":4}}]},"15":{"line":223,"type":"if","locations":[{"start":{"line":223,"column":3},"end":{"line":223,"column":3}},{"start":{"line":223,"column":3},"end":{"line":223,"column":3}}]},"16":{"line":230,"type":"if","locations":[{"start":{"line":230,"column":3},"end":{"line":230,"column":3}},{"start":{"line":230,"column":3},"end":{"line":230,"column":3}}]},"17":{"line":231,"type":"if","locations":[{"start":{"line":231,"column":4},"end":{"line":231,"column":4}},{"start":{"line":231,"column":4},"end":{"line":231,"column":4}}]},"18":{"line":234,"type":"cond-expr","locations":[{"start":{"line":235,"column":8},"end":{"line":235,"column":49}},{"start":{"line":236,"column":8},"end":{"line":236,"column":48}}]},"19":{"line":262,"type":"if","locations":[{"start":{"line":262,"column":2},"end":{"line":262,"column":2}},{"start":{"line":262,"column":2},"end":{"line":262,"column":2}}]},"20":{"line":279,"type":"if","locations":[{"start":{"line":279,"column":2},"end":{"line":279,"column":2}},{"start":{"line":279,"column":2},"end":{"line":279,"column":2}}]},"21":{"line":299,"type":"if","locations":[{"start":{"line":299,"column":3},"end":{"line":299,"column":3}},{"start":{"line":299,"column":3},"end":{"line":299,"column":3}}]},"22":{"line":310,"type":"if","locations":[{"start":{"line":310,"column":4},"end":{"line":310,"column":4}},{"start":{"line":310,"column":4},"end":{"line":310,"column":4}}]},"23":{"line":312,"type":"if","locations":[{"start":{"line":312,"column":11},"end":{"line":312,"column":11}},{"start":{"line":312,"column":11},"end":{"line":312,"column":11}}]},"24":{"line":328,"type":"binary-expr","locations":[{"start":{"line":328,"column":8},"end":{"line":328,"column":20}},{"start":{"line":328,"column":24},"end":{"line":328,"column":25}}]},"25":{"line":329,"type":"if","locations":[{"start":{"line":329,"column":1},"end":{"line":329,"column":1}},{"start":{"line":329,"column":1},"end":{"line":329,"column":1}}]},"26":{"line":335,"type":"if","locations":[{"start":{"line":335,"column":2},"end":{"line":335,"column":2}},{"start":{"line":335,"column":2},"end":{"line":335,"column":2}}]},"27":{"line":340,"type":"if","locations":[{"start":{"line":340,"column":9},"end":{"line":340,"column":9}},{"start":{"line":340,"column":9},"end":{"line":340,"column":9}}]},"28":{"line":340,"type":"binary-expr","locations":[{"start":{"line":340,"column":13},"end":{"line":340,"column":37}},{"start":{"line":340,"column":41},"end":{"line":340,"column":47}}]},"29":{"line":341,"type":"cond-expr","locations":[{"start":{"line":342,"column":7},"end":{"line":342,"column":41}},{"start":{"line":343,"column":8},"end":{"line":343,"column":32}}]},"30":{"line":345,"type":"if","locations":[{"start":{"line":345,"column":9},"end":{"line":345,"column":9}},{"start":{"line":345,"column":9},"end":{"line":345,"column":9}}]},"31":{"line":345,"type":"binary-expr","locations":[{"start":{"line":345,"column":13},"end":{"line":345,"column":37}},{"start":{"line":345,"column":41},"end":{"line":345,"column":66}}]},"32":{"line":377,"type":"if","locations":[{"start":{"line":377,"column":2},"end":{"line":377,"column":2}},{"start":{"line":377,"column":2},"end":{"line":377,"column":2}}]},"33":{"line":382,"type":"cond-expr","locations":[{"start":{"line":382,"column":36},"end":{"line":382,"column":46}},{"start":{"line":382,"column":49},"end":{"line":382,"column":53}}]},"34":{"line":397,"type":"cond-expr","locations":[{"start":{"line":397,"column":36},"end":{"line":397,"column":66}},{"start":{"line":398,"column":8},"end":{"line":398,"column":56}}]},"35":{"line":409,"type":"cond-expr","locations":[{"start":{"line":409,"column":40},"end":{"line":409,"column":45}},{"start":{"line":409,"column":48},"end":{"line":409,"column":50}}]},"36":{"line":410,"type":"cond-expr","locations":[{"start":{"line":410,"column":42},"end":{"line":410,"column":49}},{"start":{"line":410,"column":52},"end":{"line":410,"column":55}}]},"37":{"line":412,"type":"binary-expr","locations":[{"start":{"line":412,"column":8},"end":{"line":412,"column":19}},{"start":{"line":412,"column":23},"end":{"line":412,"column":24}}]},"38":{"line":414,"type":"if","locations":[{"start":{"line":414,"column":1},"end":{"line":414,"column":1}},{"start":{"line":414,"column":1},"end":{"line":414,"column":1}}]},"39":{"line":423,"type":"if","locations":[{"start":{"line":423,"column":5},"end":{"line":423,"column":5}},{"start":{"line":423,"column":5},"end":{"line":423,"column":5}}]},"40":{"line":424,"type":"if","locations":[{"start":{"line":424,"column":6},"end":{"line":424,"column":6}},{"start":{"line":424,"column":6},"end":{"line":424,"column":6}}]},"41":{"line":429,"type":"if","locations":[{"start":{"line":429,"column":6},"end":{"line":429,"column":6}},{"start":{"line":429,"column":6},"end":{"line":429,"column":6}}]},"42":{"line":451,"type":"cond-expr","locations":[{"start":{"line":451,"column":38},"end":{"line":451,"column":43}},{"start":{"line":451,"column":46},"end":{"line":451,"column":48}}]},"43":{"line":452,"type":"cond-expr","locations":[{"start":{"line":452,"column":42},"end":{"line":452,"column":49}},{"start":{"line":452,"column":52},"end":{"line":452,"column":53}}]},"44":{"line":454,"type":"binary-expr","locations":[{"start":{"line":454,"column":8},"end":{"line":454,"column":19}},{"start":{"line":454,"column":23},"end":{"line":454,"column":24}}]},"45":{"line":456,"type":"if","locations":[{"start":{"line":456,"column":2},"end":{"line":456,"column":2}},{"start":{"line":456,"column":2},"end":{"line":456,"column":2}}]},"46":{"line":464,"type":"if","locations":[{"start":{"line":464,"column":5},"end":{"line":464,"column":5}},{"start":{"line":464,"column":5},"end":{"line":464,"column":5}}]},"47":{"line":465,"type":"if","locations":[{"start":{"line":465,"column":6},"end":{"line":465,"column":6}},{"start":{"line":465,"column":6},"end":{"line":465,"column":6}}]},"48":{"line":469,"type":"if","locations":[{"start":{"line":469,"column":6},"end":{"line":469,"column":6}},{"start":{"line":469,"column":6},"end":{"line":469,"column":6}}]},"49":{"line":481,"type":"binary-expr","locations":[{"start":{"line":481,"column":12},"end":{"line":481,"column":19}},{"start":{"line":481,"column":23},"end":{"line":481,"column":25}}]}}}}