TN:
SF:C:\Users\Administrator\Desktop\github\tab\assets\js\tab.js
FN:2,(anonymous_1)
FN:4,TabSwitch
FN:19,(anonymous_3)
FN:33,(anonymous_4)
FN:49,(anonymous_5)
FN:73,(anonymous_6)
FN:95,(anonymous_7)
FN:112,(anonymous_8)
FN:125,(anonymous_9)
FN:130,(anonymous_10)
FN:139,(anonymous_11)
FN:148,(anonymous_12)
FN:158,(anonymous_13)
FN:203,addClass
FN:220,removeClass
FN:240,setIndex
FN:253,(anonymous_17)
FN:270,css
FN:297,linear
FN:307,animate
FN:319,(anonymous_21)
FN:336,isObject
FN:340,setOpacity
FN:352,fideIn
FN:367,(anonymous_25)
FN:389,fideOut
FN:404,(anonymous_27)
FN:420,(anonymous_28)
FNF:28
FNH:19
FNDA:1,(anonymous_1)
FNDA:7,TabSwitch
FNDA:7,(anonymous_3)
FNDA:7,(anonymous_4)
FNDA:7,(anonymous_5)
FNDA:7,(anonymous_6)
FNDA:1,(anonymous_7)
FNDA:0,(anonymous_8)
FNDA:7,(anonymous_9)
FNDA:0,(anonymous_10)
FNDA:0,(anonymous_11)
FNDA:0,(anonymous_12)
FNDA:7,(anonymous_13)
FNDA:107,addClass
FNDA:8,removeClass
FNDA:7,setIndex
FNDA:7,(anonymous_17)
FNDA:93,css
FNDA:29,linear
FNDA:1,animate
FNDA:30,(anonymous_21)
FNDA:87,isObject
FNDA:0,setOpacity
FNDA:0,fideIn
FNDA:0,(anonymous_25)
FNDA:0,fideOut
FNDA:0,(anonymous_27)
FNDA:7,(anonymous_28)
DA:2,1
DA:4,1
DA:5,7
DA:6,7
DA:9,7
DA:11,7
DA:12,7
DA:13,7
DA:16,7
DA:18,1
DA:20,7
DA:22,7
DA:23,7
DA:24,7
DA:25,7
DA:27,7
DA:34,7
DA:41,7
DA:42,13
DA:43,13
DA:47,7
DA:51,7
DA:55,7
DA:57,7
DA:59,2
DA:60,2
DA:61,2
DA:63,1
DA:64,1
DA:68,4
DA:69,4
DA:74,7
DA:76,7
DA:77,7
DA:79,7
DA:81,2
DA:82,2
DA:83,2
DA:85,1
DA:86,1
DA:87,1
DA:91,4
DA:92,4
DA:96,1
DA:97,1
DA:98,1
DA:100,1
DA:102,1
DA:103,1
DA:104,1
DA:106,0
DA:107,0
DA:108,0
DA:111,0
DA:112,0
DA:113,0
DA:116,0
DA:119,0
DA:120,0
DA:121,0
DA:123,1
DA:126,7
DA:127,7
DA:128,7
DA:130,6
DA:131,0
DA:133,0
DA:134,0
DA:137,6
DA:138,1
DA:139,1
DA:140,0
DA:141,0
DA:142,0
DA:143,0
DA:146,1
DA:148,0
DA:149,0
DA:151,0
DA:152,0
DA:155,0
DA:159,7
DA:167,7
DA:168,7
DA:169,7
DA:170,7
DA:171,7
DA:172,7
DA:173,7
DA:174,7
DA:175,32
DA:177,32
DA:178,32
DA:179,7
DA:183,32
DA:184,32
DA:185,32
DA:188,32
DA:189,32
DA:191,7
DA:192,7
DA:193,7
DA:194,7
DA:203,1
DA:204,107
DA:206,107
DA:207,0
DA:208,0
DA:211,107
DA:220,1
DA:221,8
DA:223,8
DA:224,8
DA:225,37
DA:230,0
DA:240,1
DA:241,7
DA:242,7
DA:243,7
DA:244,7
DA:245,32
DA:248,0
DA:252,1
DA:254,7
DA:255,7
DA:256,0
DA:257,0
DA:259,0
DA:270,1
DA:271,93
DA:273,93
DA:274,6
DA:275,28
DA:279,87
DA:280,39
DA:281,39
DA:284,48
DA:285,19
DA:289,29
DA:290,29
DA:297,1
DA:298,29
DA:307,1
DA:308,1
DA:313,1
DA:314,1
DA:315,1
DA:316,1
DA:319,1
DA:320,30
DA:321,30
DA:322,1
DA:323,1
DA:324,1
DA:326,1
DA:327,1
DA:329,29
DA:330,29
DA:331,29
DA:336,1
DA:337,87
DA:340,1
DA:342,0
DA:352,1
DA:353,0
DA:354,0
DA:358,0
DA:359,0
DA:360,0
DA:361,0
DA:362,0
DA:365,0
DA:366,0
DA:367,0
DA:368,0
DA:369,0
DA:370,0
DA:371,0
DA:372,0
DA:373,0
DA:374,0
DA:375,0
DA:376,0
DA:389,1
DA:390,0
DA:391,0
DA:396,0
DA:397,0
DA:398,0
DA:399,0
DA:402,0
DA:403,0
DA:404,0
DA:405,0
DA:406,0
DA:407,0
DA:408,0
DA:409,0
DA:410,0
DA:411,0
DA:412,0
DA:413,0
DA:420,1
DA:421,7
DA:422,7
DA:425,1
LF:206
LH:139
BRDA:42,1,0,13
BRDA:42,1,1,0
BRDA:57,2,0,2
BRDA:57,2,1,1
BRDA:57,2,2,3
BRDA:57,2,3,4
BRDA:57,2,4,4
BRDA:79,3,0,2
BRDA:79,3,1,1
BRDA:79,3,2,1
BRDA:79,3,3,4
BRDA:79,3,4,4
BRDA:100,4,0,1
BRDA:100,4,1,0
BRDA:100,4,2,0
BRDA:100,4,3,0
BRDA:100,4,4,0
BRDA:128,5,0,6
BRDA:128,5,1,1
BRDA:131,6,0,0
BRDA:131,6,1,0
BRDA:132,7,0,0
BRDA:132,7,1,0
BRDA:133,8,0,0
BRDA:133,8,1,0
BRDA:138,9,0,1
BRDA:138,9,1,0
BRDA:140,10,0,0
BRDA:140,10,1,0
BRDA:141,11,0,0
BRDA:141,11,1,0
BRDA:142,12,0,0
BRDA:142,12,1,0
BRDA:149,13,0,0
BRDA:149,13,1,0
BRDA:150,14,0,0
BRDA:150,14,1,0
BRDA:151,15,0,0
BRDA:151,15,1,0
BRDA:178,16,0,7
BRDA:178,16,1,25
BRDA:206,17,0,0
BRDA:206,17,1,107
BRDA:223,18,0,8
BRDA:223,18,1,0
BRDA:243,19,0,7
BRDA:243,19,1,0
BRDA:254,20,0,7
BRDA:254,20,1,0
BRDA:256,21,0,0
BRDA:256,21,1,0
BRDA:272,22,0,93
BRDA:272,22,1,87
BRDA:273,23,0,6
BRDA:273,23,1,87
BRDA:279,24,0,39
BRDA:279,24,1,48
BRDA:284,25,0,19
BRDA:284,25,1,29
BRDA:284,26,0,48
BRDA:284,26,1,48
BRDA:285,27,0,19
BRDA:285,27,1,0
BRDA:289,28,0,29
BRDA:289,28,1,0
BRDA:289,29,0,29
BRDA:289,29,1,29
BRDA:321,30,0,1
BRDA:321,30,1,29
BRDA:326,31,0,0
BRDA:326,31,1,1
BRDA:342,32,0,0
BRDA:342,32,1,0
BRDA:354,33,0,0
BRDA:354,33,1,0
BRDA:355,34,0,0
BRDA:355,34,1,0
BRDA:358,35,0,0
BRDA:358,35,1,0
BRDA:359,36,0,0
BRDA:359,36,1,0
BRDA:366,37,0,0
BRDA:366,37,1,0
BRDA:371,38,0,0
BRDA:371,38,1,0
BRDA:391,39,0,0
BRDA:391,39,1,0
BRDA:392,40,0,0
BRDA:392,40,1,0
BRDA:395,41,0,0
BRDA:395,41,1,0
BRDA:396,42,0,0
BRDA:396,42,1,0
BRDA:403,43,0,0
BRDA:403,43,1,0
BRDA:408,44,0,0
BRDA:408,44,1,0
BRDA:421,45,0,7
BRDA:421,45,1,1
BRF:99
BRH:40
end_of_record
