TN:
SF:C:\Users\Administrator\Desktop\github\tab\assets\js\tab.js
FN:2,(anonymous_1)
FN:4,TabSwitch
FN:19,(anonymous_3)
FN:33,(anonymous_4)
FN:49,(anonymous_5)
FN:73,(anonymous_6)
FN:95,(anonymous_7)
FN:112,(anonymous_8)
FN:124,(anonymous_9)
FN:129,(anonymous_10)
FN:138,(anonymous_11)
FN:147,(anonymous_12)
FN:157,(anonymous_13)
FN:202,addClass
FN:219,removeClass
FN:239,setIndex
FN:252,(anonymous_17)
FN:269,css
FN:296,linear
FN:306,animate
FN:318,(anonymous_21)
FN:335,isObject
FN:339,setOpacity
FN:351,fideIn
FN:366,(anonymous_25)
FN:388,fideOut
FN:403,(anonymous_27)
FN:419,(anonymous_28)
FNF:28
FNH:15
FNDA:1,(anonymous_1)
FNDA:7,TabSwitch
FNDA:7,(anonymous_3)
FNDA:7,(anonymous_4)
FNDA:7,(anonymous_5)
FNDA:7,(anonymous_6)
FNDA:0,(anonymous_7)
FNDA:0,(anonymous_8)
FNDA:7,(anonymous_9)
FNDA:0,(anonymous_10)
FNDA:0,(anonymous_11)
FNDA:0,(anonymous_12)
FNDA:7,(anonymous_13)
FNDA:106,addClass
FNDA:7,removeClass
FNDA:7,setIndex
FNDA:7,(anonymous_17)
FNDA:61,css
FNDA:0,linear
FNDA:0,animate
FNDA:0,(anonymous_21)
FNDA:55,isObject
FNDA:0,setOpacity
FNDA:0,fideIn
FNDA:0,(anonymous_25)
FNDA:0,fideOut
FNDA:0,(anonymous_27)
FNDA:7,(anonymous_28)
DA:2,1
DA:4,1
DA:5,7
DA:6,7
DA:9,7
DA:11,7
DA:12,7
DA:13,7
DA:16,7
DA:18,1
DA:20,7
DA:22,7
DA:23,7
DA:24,7
DA:25,7
DA:27,7
DA:34,7
DA:41,7
DA:42,13
DA:43,13
DA:47,7
DA:51,7
DA:55,7
DA:57,7
DA:59,2
DA:60,2
DA:61,2
DA:63,1
DA:64,1
DA:68,4
DA:69,4
DA:74,7
DA:76,7
DA:77,7
DA:79,7
DA:81,2
DA:82,2
DA:83,2
DA:85,1
DA:86,1
DA:87,1
DA:91,4
DA:92,4
DA:96,0
DA:97,0
DA:98,0
DA:100,0
DA:102,0
DA:103,0
DA:104,0
DA:106,0
DA:107,0
DA:108,0
DA:111,0
DA:112,0
DA:113,0
DA:116,0
DA:119,0
DA:120,0
DA:121,0
DA:125,7
DA:126,7
DA:127,7
DA:129,6
DA:130,0
DA:132,0
DA:133,0
DA:136,6
DA:137,1
DA:138,1
DA:139,0
DA:140,0
DA:141,0
DA:142,0
DA:145,1
DA:147,0
DA:148,0
DA:150,0
DA:151,0
DA:154,0
DA:158,7
DA:166,7
DA:167,7
DA:168,7
DA:169,7
DA:170,7
DA:171,7
DA:172,7
DA:173,7
DA:174,32
DA:176,32
DA:177,32
DA:178,7
DA:182,32
DA:183,32
DA:184,32
DA:187,32
DA:188,32
DA:190,7
DA:191,7
DA:192,7
DA:193,7
DA:202,1
DA:203,106
DA:205,106
DA:206,0
DA:207,0
DA:210,106
DA:219,1
DA:220,7
DA:222,7
DA:223,7
DA:224,32
DA:229,0
DA:239,1
DA:240,7
DA:241,7
DA:242,7
DA:243,7
DA:244,32
DA:247,0
DA:251,1
DA:253,7
DA:254,7
DA:255,0
DA:256,0
DA:258,0
DA:269,1
DA:270,61
DA:272,61
DA:273,6
DA:274,28
DA:278,55
DA:279,38
DA:280,38
DA:283,17
DA:284,17
DA:288,0
DA:289,0
DA:296,1
DA:297,0
DA:306,1
DA:307,0
DA:312,0
DA:313,0
DA:314,0
DA:315,0
DA:318,0
DA:319,0
DA:320,0
DA:321,0
DA:322,0
DA:323,0
DA:325,0
DA:326,0
DA:328,0
DA:329,0
DA:330,0
DA:335,1
DA:336,55
DA:339,1
DA:341,0
DA:351,1
DA:352,0
DA:353,0
DA:357,0
DA:358,0
DA:359,0
DA:360,0
DA:361,0
DA:364,0
DA:365,0
DA:366,0
DA:367,0
DA:368,0
DA:369,0
DA:370,0
DA:371,0
DA:372,0
DA:373,0
DA:374,0
DA:375,0
DA:388,1
DA:389,0
DA:390,0
DA:395,0
DA:396,0
DA:397,0
DA:398,0
DA:401,0
DA:402,0
DA:403,0
DA:404,0
DA:405,0
DA:406,0
DA:407,0
DA:408,0
DA:409,0
DA:410,0
DA:411,0
DA:412,0
DA:419,1
DA:420,7
DA:421,7
DA:424,1
LF:205
LH:112
BRDA:42,1,0,13
BRDA:42,1,1,0
BRDA:57,2,0,2
BRDA:57,2,1,1
BRDA:57,2,2,3
BRDA:57,2,3,4
BRDA:57,2,4,4
BRDA:79,3,0,2
BRDA:79,3,1,1
BRDA:79,3,2,1
BRDA:79,3,3,4
BRDA:79,3,4,4
BRDA:100,4,0,0
BRDA:100,4,1,0
BRDA:100,4,2,0
BRDA:100,4,3,0
BRDA:100,4,4,0
BRDA:127,5,0,6
BRDA:127,5,1,1
BRDA:130,6,0,0
BRDA:130,6,1,0
BRDA:131,7,0,0
BRDA:131,7,1,0
BRDA:132,8,0,0
BRDA:132,8,1,0
BRDA:137,9,0,1
BRDA:137,9,1,0
BRDA:139,10,0,0
BRDA:139,10,1,0
BRDA:140,11,0,0
BRDA:140,11,1,0
BRDA:141,12,0,0
BRDA:141,12,1,0
BRDA:148,13,0,0
BRDA:148,13,1,0
BRDA:149,14,0,0
BRDA:149,14,1,0
BRDA:150,15,0,0
BRDA:150,15,1,0
BRDA:177,16,0,7
BRDA:177,16,1,25
BRDA:205,17,0,0
BRDA:205,17,1,106
BRDA:222,18,0,7
BRDA:222,18,1,0
BRDA:242,19,0,7
BRDA:242,19,1,0
BRDA:253,20,0,7
BRDA:253,20,1,0
BRDA:255,21,0,0
BRDA:255,21,1,0
BRDA:271,22,0,61
BRDA:271,22,1,55
BRDA:272,23,0,6
BRDA:272,23,1,55
BRDA:278,24,0,38
BRDA:278,24,1,17
BRDA:283,25,0,17
BRDA:283,25,1,0
BRDA:283,26,0,17
BRDA:283,26,1,17
BRDA:284,27,0,17
BRDA:284,27,1,0
BRDA:288,28,0,0
BRDA:288,28,1,0
BRDA:288,29,0,0
BRDA:288,29,1,0
BRDA:320,30,0,0
BRDA:320,30,1,0
BRDA:325,31,0,0
BRDA:325,31,1,0
BRDA:341,32,0,0
BRDA:341,32,1,0
BRDA:353,33,0,0
BRDA:353,33,1,0
BRDA:354,34,0,0
BRDA:354,34,1,0
BRDA:357,35,0,0
BRDA:357,35,1,0
BRDA:358,36,0,0
BRDA:358,36,1,0
BRDA:365,37,0,0
BRDA:365,37,1,0
BRDA:370,38,0,0
BRDA:370,38,1,0
BRDA:390,39,0,0
BRDA:390,39,1,0
BRDA:391,40,0,0
BRDA:391,40,1,0
BRDA:394,41,0,0
BRDA:394,41,1,0
BRDA:395,42,0,0
BRDA:395,42,1,0
BRDA:402,43,0,0
BRDA:402,43,1,0
BRDA:407,44,0,0
BRDA:407,44,1,0
BRDA:420,45,0,7
BRDA:420,45,1,1
BRF:99
BRH:32
end_of_record
